Using pre-set license

 COMMAND LINE ARGUMENTS:
/Applications/Unity/2020.3.5f1/Unity.app/Contents/MacOS/Unity
-adb2
-batchMode
-noUpm
-name
AssetImportWorker0
-projectPath
/Users/a.fedorenko/Documents/unity/simple-merge
-logFile
Logs/AssetImportWorker0.log
-srvPort
57483
Successfully changed project path to: /Users/a.fedorenko/Documents/unity/simple-merge
/Users/a.fedorenko/Documents/unity/simple-merge
Using Asset Import Pipeline V2.
Refreshing native plugins compatible for Editor in 118.00 ms, found 2 plugins.
Preloading 0 native plugins for Editor in 0.00 ms.
Initialize engine version: 2020.3.5f1 (8095aa901b9b)
[Subsystems] Discovering subsystems at path /Applications/Unity/2020.3.5f1/Unity.app/Contents/Resources/UnitySubsystems
[Subsystems] Discovering subsystems at path /Users/a.fedorenko/Documents/unity/simple-merge/Assets
GfxDevice: creating device client; threaded=0
2021-05-01 13:44:10.927 Unity[91461:1848120] Color LCD preferred device: AMD Radeon Pro 5300M (high power)
2021-05-01 13:44:10.927 Unity[91461:1848120] Metal devices available: 2
2021-05-01 13:44:10.927 Unity[91461:1848120] 0: AMD Radeon Pro 5300M (high power)
2021-05-01 13:44:10.927 Unity[91461:1848120] 1: Intel(R) UHD Graphics 630 (low power)
2021-05-01 13:44:10.929 Unity[91461:1848120] Using device AMD Radeon Pro 5300M (high power)
Initializing Metal device caps: AMD Radeon Pro 5300M
Initialize mono
Mono path[0] = '/Applications/Unity/2020.3.5f1/Unity.app/Contents/Managed'
Mono path[1] = '/Applications/Unity/2020.3.5f1/Unity.app/Contents/MonoBleedingEdge/lib/mono/unityjit'
Mono config path = '/Applications/Unity/2020.3.5f1/Unity.app/Contents/MonoBleedingEdge/etc'
Using monoOptions --debugger-agent=transport=dt_socket,embedding=1,server=y,suspend=n,address=127.0.0.1:56461
Begin MonoManager ReloadAssembly
Registering precompiled unity dll's ...
Register platform support module: /Applications/Unity/2020.3.5f1/Unity.app/Contents/PlaybackEngines/MacStandaloneSupport/UnityEditor.OSXStandalone.Extensions.dll
Registered in 0.000725 seconds.
Native extension for OSXStandalone target not found
Refreshing native plugins compatible for Editor in 120.44 ms, found 2 plugins.
Preloading 0 native plugins for Editor in 0.00 ms.
Mono: successfully reloaded assembly
- Completed reload, in  2.598 seconds
Platform modules already initialized, skipping
Registering precompiled user dll's ...
Registered in 0.011950 seconds.
Begin MonoManager ReloadAssembly
Native extension for OSXStandalone target not found
Refreshing native plugins compatible for Editor in 135.76 ms, found 2 plugins.
Preloading 0 native plugins for Editor in 0.00 ms.
Mono: successfully reloaded assembly
- Completed reload, in  5.024 seconds
Platform modules already initialized, skipping
========================================================================
Worker process is ready to serve import requests
Shader 'Universal Render Pipeline/Particles/Lit': fallback shader 'Universal Render Pipeline/Particles/SimpleLit' not found
Shader 'Universal Render Pipeline/Particles/Lit': fallback shader 'Universal Render Pipeline/Particles/SimpleLit' not found
Launching external process: /Applications/Unity/2020.3.5f1/Unity.app/Contents/Tools/UnityShaderCompiler
Launched and connected shader compiler UnityShaderCompiler after 0.03 seconds
Refreshing native plugins compatible for Editor in 0.81 ms, found 2 plugins.
Preloading 0 native plugins for Editor in 0.00 ms.
Unloading 3621 Unused Serialized files (Serialized files now loaded: 0)
System memory in use before: 230.2 MB.
System memory in use after: 227.4 MB.

Unloading 59 unused Assets to reduce memory usage. Loaded Objects now: 4033.
Total: 6.711024 ms (FindLiveObjects: 0.478470 ms CreateObjectMapping: 0.272233 ms MarkObjects: 3.295251 ms  DeleteObjects: 2.663502 ms)

========================================================================
Received Import Request.
  path: Assets/Plugins/IngameDebugConsole/IngameDebugConsole.prefab
  artifactKey: Guid(67117722a812a2e46ab8cb8eafbf5f5e) Importer(815301076,1909f56bfc062723c751e8b465ee728b)
Start importing Assets/Plugins/IngameDebugConsole/IngameDebugConsole.prefab using Guid(67117722a812a2e46ab8cb8eafbf5f5e) Importer(815301076,1909f56bfc062723c751e8b465ee728b)  -> (artifact id: '947eb4bde278a790baa9331a7a58020c') in 0.877590 seconds
  Import took 0.892751 seconds .

========================================================================
Received Import Request.
  Time since last request: 0.000318 seconds.
  path: Assets/Plugins/IngameDebugConsole/IngameDebugConsole.Runtime.asmdef
  artifactKey: Guid(3de88c88fbbb8f944b9210d496af9762) Importer(815301076,1909f56bfc062723c751e8b465ee728b)
Start importing Assets/Plugins/IngameDebugConsole/IngameDebugConsole.Runtime.asmdef using Guid(3de88c88fbbb8f944b9210d496af9762) Importer(815301076,1909f56bfc062723c751e8b465ee728b)  -> (artifact id: 'e6b62a8d7fe103f43e4a286279c7adf3') in 0.416248 seconds
  Import took 0.430932 seconds .

========================================================================
Received Import Request.
  Time since last request: 84.982459 seconds.
  path: Assets/Settings/Input.inputactions
  artifactKey: Guid(5a915be40df8945f2ab6f02632c562e5) Importer(815301076,1909f56bfc062723c751e8b465ee728b)
Start importing Assets/Settings/Input.inputactions using Guid(5a915be40df8945f2ab6f02632c562e5) Importer(815301076,1909f56bfc062723c751e8b465ee728b)  -> (artifact id: '242a11f8bd94e88784f3f9f257b70dbd') in 0.184610 seconds
  Import took 0.196061 seconds .

========================================================================
Received Import Request.
  Time since last request: 82.941510 seconds.
  path: Assets/Scripts/Core
  artifactKey: Guid(48a0ba54d85ca4698bf6edecfbc7aedd) Importer(815301076,1909f56bfc062723c751e8b465ee728b)
Start importing Assets/Scripts/Core using Guid(48a0ba54d85ca4698bf6edecfbc7aedd) Importer(815301076,1909f56bfc062723c751e8b465ee728b)  -> (artifact id: '0abb934ebebef4d2e5463e774cb9626e') in 0.002221 seconds
  Import took 0.032430 seconds .

========================================================================
Received Import Request.
  Time since last request: 8.586524 seconds.
  path: Assets/Scripts/Game
  artifactKey: Guid(c5261488f4f9941009d69a4a84744657) Importer(815301076,1909f56bfc062723c751e8b465ee728b)
Start importing Assets/Scripts/Game using Guid(c5261488f4f9941009d69a4a84744657) Importer(815301076,1909f56bfc062723c751e8b465ee728b)  -> (artifact id: 'f2ad0c5478226ffe0b120f5756cb2b5f') in 0.001778 seconds
  Import took 0.008258 seconds .

========================================================================
Received Import Request.
  Time since last request: 0.000733 seconds.
  path: Assets/Scripts/Game
  artifactKey: Guid(c5261488f4f9941009d69a4a84744657) Importer(815301076,1909f56bfc062723c751e8b465ee728b)
Start importing Assets/Scripts/Game using Guid(c5261488f4f9941009d69a4a84744657) Importer(815301076,1909f56bfc062723c751e8b465ee728b)  -> (artifact id: 'f2ad0c5478226ffe0b120f5756cb2b5f') in 0.001470 seconds
  Import took 0.008768 seconds .

========================================================================
Received Import Request.
  Time since last request: 15.910075 seconds.
  path: Assets/ScriptableObjects
  artifactKey: Guid(c1cab820123d348a0a6008a214aadba2) Importer(815301076,1909f56bfc062723c751e8b465ee728b)
Start importing Assets/ScriptableObjects using Guid(c1cab820123d348a0a6008a214aadba2) Importer(815301076,1909f56bfc062723c751e8b465ee728b)  -> (artifact id: 'bd334e82e1ece48d3c527fb994ecdf54') in 0.003577 seconds
  Import took 0.018670 seconds .

========================================================================
Received Import Request.
  Time since last request: 19.707755 seconds.
  path: Assets/Scripts/Editor
  artifactKey: Guid(face1c2f690d94891874fe98069f5ab5) Importer(815301076,1909f56bfc062723c751e8b465ee728b)
Start importing Assets/Scripts/Editor using Guid(face1c2f690d94891874fe98069f5ab5) Importer(815301076,1909f56bfc062723c751e8b465ee728b)  -> (artifact id: '460ca224c014b89f9bf9ed610fc4eefa') in 0.001755 seconds
  Import took 0.008273 seconds .

========================================================================
Received Import Request.
  Time since last request: 12.805372 seconds.
  path: Assets/Scripts/Utils
  artifactKey: Guid(9cfb014ba5da74bb68372686180571f1) Importer(815301076,1909f56bfc062723c751e8b465ee728b)
Start importing Assets/Scripts/Utils using Guid(9cfb014ba5da74bb68372686180571f1) Importer(815301076,1909f56bfc062723c751e8b465ee728b)  -> (artifact id: '5599929d4bd54a8bf653169b41566aad') in 0.001637 seconds
  Import took 0.009028 seconds .

========================================================================
Received Import Request.
  Time since last request: 0.000677 seconds.
  path: Assets/Scripts/Utils
  artifactKey: Guid(9cfb014ba5da74bb68372686180571f1) Importer(815301076,1909f56bfc062723c751e8b465ee728b)
Start importing Assets/Scripts/Utils using Guid(9cfb014ba5da74bb68372686180571f1) Importer(815301076,1909f56bfc062723c751e8b465ee728b)  -> (artifact id: '5599929d4bd54a8bf653169b41566aad') in 0.001589 seconds
  Import took 0.009693 seconds .

========================================================================
Received Import Request.
  Time since last request: 2.521156 seconds.
  path: Assets/Settings/Input.inputactions
  artifactKey: Guid(5a915be40df8945f2ab6f02632c562e5) Importer(815301076,1909f56bfc062723c751e8b465ee728b)
Start importing Assets/Settings/Input.inputactions using Guid(5a915be40df8945f2ab6f02632c562e5) Importer(815301076,1909f56bfc062723c751e8b465ee728b)  -> (artifact id: '6da933378f304967b0faf9512be7f9e8') in 0.006397 seconds
  Import took 0.012793 seconds .

========================================================================
Received Import Request.
  Time since last request: 22.304805 seconds.
  path: Assets/Scripts/Game/Input
  artifactKey: Guid(2bc2769cdf89f46a288a24cb505afd52) Importer(815301076,1909f56bfc062723c751e8b465ee728b)
Start importing Assets/Scripts/Game/Input using Guid(2bc2769cdf89f46a288a24cb505afd52) Importer(815301076,1909f56bfc062723c751e8b465ee728b)  -> (artifact id: 'eef5ed7c9afa46056a9970dcab5be355') in 0.001393 seconds
  Import took 0.007680 seconds .

========================================================================
Received Import Request.
  Time since last request: 17.088900 seconds.
  path: Assets/Settings/Input.inputactions
  artifactKey: Guid(5a915be40df8945f2ab6f02632c562e5) Importer(815301076,1909f56bfc062723c751e8b465ee728b)
Start importing Assets/Settings/Input.inputactions using Guid(5a915be40df8945f2ab6f02632c562e5) Importer(815301076,1909f56bfc062723c751e8b465ee728b)  -> (artifact id: '89fe08d61ef040e9a48c4d35ec0ab044') in 0.005508 seconds
  Import took 0.013402 seconds .

========================================================================
Received Import Request.
  Time since last request: 0.004410 seconds.
  path: Assets/Settings/Input.inputactions
  artifactKey: Guid(5a915be40df8945f2ab6f02632c562e5) Importer(815301076,1909f56bfc062723c751e8b465ee728b)
Start importing Assets/Settings/Input.inputactions using Guid(5a915be40df8945f2ab6f02632c562e5) Importer(815301076,1909f56bfc062723c751e8b465ee728b)  -> (artifact id: '89fe08d61ef040e9a48c4d35ec0ab044') in 0.004776 seconds
  Import took 0.011498 seconds .

========================================================================
Received Import Request.
  Time since last request: 3.116860 seconds.
  path: Assets/Settings/Input.cs
  artifactKey: Guid(b3cab36abe0214374adeaab17164717e) Importer(815301076,1909f56bfc062723c751e8b465ee728b)
Start importing Assets/Settings/Input.cs using Guid(b3cab36abe0214374adeaab17164717e) Importer(815301076,1909f56bfc062723c751e8b465ee728b)  -> (artifact id: 'f13c7aa01ab6e791223695195c2d95f8') in 0.283248 seconds
  Import took 0.289154 seconds .

========================================================================
Received Import Request.
  Time since last request: 342.256171 seconds.
  path: Assets/Samples/Input System/1.0.2/Touch Samples/TouchSamples.asset
  artifactKey: Guid(9c6475617e9ca4013874288c8a78b210) Importer(815301076,1909f56bfc062723c751e8b465ee728b)
Start importing Assets/Samples/Input System/1.0.2/Touch Samples/TouchSamples.asset using Guid(9c6475617e9ca4013874288c8a78b210) Importer(815301076,1909f56bfc062723c751e8b465ee728b)  -> (artifact id: '81a7d91351b2949fc4bb25d0890a51e3') in 0.155132 seconds
  Import took 0.161012 seconds .

